<?xml version="1.0" encoding="UTF-8" ?>
<testsuite errors="0" failures="0" hostname="plagueis.local" name="MessageTests" tests="1" time="0.116" timestamp="2010-03-08T00:20:30">
  <properties />
  <testcase classname="MessageTests" name="testSomething" time="0.116" />
  <system-out><![CDATA[--Output from testSomething--
]]></system-out>
  <system-err><![CDATA[--Output from testSomething--
]]></system-err>
</testsuite>
