<?xml version="1.0" encoding="UTF-8" ?>
<testsuite errors="0" failures="0" hostname="plagueis.local" name="SponsorshipTests" tests="1" time="0.0030" timestamp="2010-03-08T00:20:31">
  <properties />
  <testcase classname="SponsorshipTests" name="testSomething" time="0.0030" />
  <system-out><![CDATA[--Output from testSomething--
]]></system-out>
  <system-err><![CDATA[--Output from testSomething--
]]></system-err>
</testsuite>
